Xiangshi Log: 2021-04-21 14:39:00,470 - INFO: Starting up Xiangshi
Xiangshi Log - 04/21/21, 14:39:00 - INFO Starting up Xiangshi
Xiangshi Log: 2021-04-21 14:39:00,470 - INFO: Starting up Xiangshi
Xiangshi Log - 04/21/21, 14:39:00 - INFO Starting up Xiangshi
matplotlib Log - 04/21/21, 14:39:00 - DEBUG CACHEDIR=C:\Users\86188\.matplotlib
matplotlib.font_manager Log - 04/21/21, 14:39:00 - DEBUG Using fontManager instance from C:\Users\86188\.matplotlib\fontlist-v330.json
matplotlib.pyplot Log - 04/21/21, 14:39:00 - DEBUG Loaded backend module://backend_interagg version unknown.
matplotlib.pyplot Log - 04/21/21, 14:39:01 - DEBUG Loaded backend tkagg version unknown.
Xiangshi Log: 2021-04-21 14:40:30,217 - INFO: Starting up Xiangshi
Xiangshi Log - 04/21/21, 14:40:30 - INFO Starting up Xiangshi
Xiangshi Log: 2021-04-21 14:40:30,217 - INFO: Starting up Xiangshi
Xiangshi Log - 04/21/21, 14:40:30 - INFO Starting up Xiangshi
matplotlib Log - 04/21/21, 14:40:30 - DEBUG CACHEDIR=C:\Users\86188\.matplotlib
matplotlib.font_manager Log - 04/21/21, 14:40:30 - DEBUG Using fontManager instance from C:\Users\86188\.matplotlib\fontlist-v330.json
matplotlib.pyplot Log - 04/21/21, 14:40:30 - DEBUG Loaded backend module://backend_interagg version unknown.
matplotlib.pyplot Log - 04/21/21, 14:40:30 - DEBUG Loaded backend tkagg version unknown.
Xiangshi Log: 2021-04-21 14:40:56,586 - INFO: Starting up Xiangshi
Xiangshi Log - 04/21/21, 14:40:56 - INFO Starting up Xiangshi
Xiangshi Log: 2021-04-21 14:40:56,586 - INFO: Starting up Xiangshi
Xiangshi Log - 04/21/21, 14:40:56 - INFO Starting up Xiangshi
matplotlib Log - 04/21/21, 14:40:56 - DEBUG CACHEDIR=C:\Users\86188\.matplotlib
matplotlib.font_manager Log - 04/21/21, 14:40:56 - DEBUG Using fontManager instance from C:\Users\86188\.matplotlib\fontlist-v330.json
matplotlib.pyplot Log - 04/21/21, 14:40:56 - DEBUG Loaded backend module://backend_interagg version unknown.
matplotlib.pyplot Log - 04/21/21, 14:40:56 - DEBUG Loaded backend tkagg version unknown.
Xiangshi Log: 2021-04-21 14:42:31,959 - INFO: Starting up Xiangshi
Xiangshi Log - 04/21/21, 14:42:31 - INFO Starting up Xiangshi
Xiangshi Log: 2021-04-21 14:42:31,960 - INFO: Starting up Xiangshi
Xiangshi Log - 04/21/21, 14:42:31 - INFO Starting up Xiangshi
matplotlib Log - 04/21/21, 14:42:32 - DEBUG CACHEDIR=C:\Users\86188\.matplotlib
matplotlib.font_manager Log - 04/21/21, 14:42:32 - DEBUG Using fontManager instance from C:\Users\86188\.matplotlib\fontlist-v330.json
matplotlib.pyplot Log - 04/21/21, 14:42:32 - DEBUG Loaded backend module://backend_interagg version unknown.
matplotlib.pyplot Log - 04/21/21, 14:42:32 - DEBUG Loaded backend tkagg version unknown.
Xiangshi Log: 2021-04-21 16:18:41,060 - INFO: Starting up Xiangshi
Xiangshi Log - 04/21/21, 16:18:41 - INFO Starting up Xiangshi
Xiangshi Log: 2021-04-21 16:18:41,060 - INFO: Starting up Xiangshi
Xiangshi Log - 04/21/21, 16:18:41 - INFO Starting up Xiangshi
Xiangshi Log: 2021-04-21 16:19:09,732 - INFO: Starting up Xiangshi
Xiangshi Log - 04/21/21, 16:19:09 - INFO Starting up Xiangshi
Xiangshi Log: 2021-04-21 16:19:09,733 - INFO: Starting up Xiangshi
Xiangshi Log - 04/21/21, 16:19:09 - INFO Starting up Xiangshi
Xiangshi Log: 2021-04-21 16:19:47,332 - INFO: Starting up Xiangshi
Xiangshi Log - 04/21/21, 16:19:47 - INFO Starting up Xiangshi
Xiangshi Log: 2021-04-21 16:19:47,332 - INFO: Starting up Xiangshi
Xiangshi Log - 04/21/21, 16:19:47 - INFO Starting up Xiangshi
Xiangshi Log: 2021-04-21 17:26:12,052 - INFO: Starting up Xiangshi
Xiangshi Log - 04/21/21, 17:26:12 - INFO Starting up Xiangshi
Xiangshi Log: 2021-04-21 17:26:12,053 - INFO: Starting up Xiangshi
Xiangshi Log - 04/21/21, 17:26:12 - INFO Starting up Xiangshi
Xiangshi Log: 2021-04-21 17:28:15,748 - INFO: Starting up Xiangshi
Xiangshi Log - 04/21/21, 17:28:15 - INFO Starting up Xiangshi
Xiangshi Log: 2021-04-21 17:28:15,748 - INFO: Starting up Xiangshi
Xiangshi Log - 04/21/21, 17:28:15 - INFO Starting up Xiangshi
Xiangshi Log: 2021-04-21 17:29:11,699 - INFO: Starting up Xiangshi
Xiangshi Log - 04/21/21, 17:29:11 - INFO Starting up Xiangshi
Xiangshi Log: 2021-04-21 17:29:11,699 - INFO: Starting up Xiangshi
Xiangshi Log - 04/21/21, 17:29:11 - INFO Starting up Xiangshi
Xiangshi Log: 2021-04-21 17:29:22,852 - INFO: Starting up Xiangshi
Xiangshi Log - 04/21/21, 17:29:22 - INFO Starting up Xiangshi
Xiangshi Log: 2021-04-21 17:29:22,852 - INFO: Starting up Xiangshi
Xiangshi Log - 04/21/21, 17:29:22 - INFO Starting up Xiangshi
Xiangshi Log: 2021-04-21 17:30:58,076 - INFO: Starting up Xiangshi
Xiangshi Log - 04/21/21, 17:30:58 - INFO Starting up Xiangshi
Xiangshi Log: 2021-04-21 17:30:58,076 - INFO: Starting up Xiangshi
Xiangshi Log - 04/21/21, 17:30:58 - INFO Starting up Xiangshi
Xiangshi Log: 2021-04-21 17:32:57,303 - INFO: Starting up Xiangshi
Xiangshi Log - 04/21/21, 17:32:57 - INFO Starting up Xiangshi
Xiangshi Log: 2021-04-21 17:32:57,303 - INFO: Starting up Xiangshi
Xiangshi Log - 04/21/21, 17:32:57 - INFO Starting up Xiangshi
Xiangshi Log: 2021-04-21 17:33:27,705 - INFO: Starting up Xiangshi
Xiangshi Log - 04/21/21, 17:33:27 - INFO Starting up Xiangshi
Xiangshi Log: 2021-04-21 17:33:27,706 - INFO: Starting up Xiangshi
Xiangshi Log - 04/21/21, 17:33:27 - INFO Starting up Xiangshi
Xiangshi Log: 2021-04-21 17:40:27,925 - INFO: Starting up Xiangshi
Xiangshi Log - 04/21/21, 17:40:27 - INFO Starting up Xiangshi
Xiangshi Log: 2021-04-21 17:40:27,925 - INFO: Starting up Xiangshi
Xiangshi Log - 04/21/21, 17:40:27 - INFO Starting up Xiangshi
matplotlib Log - 04/21/21, 17:40:28 - DEBUG CACHEDIR=C:\Users\86188\.matplotlib
matplotlib.font_manager Log - 04/21/21, 17:40:28 - DEBUG Using fontManager instance from C:\Users\86188\.matplotlib\fontlist-v330.json
matplotlib.pyplot Log - 04/21/21, 17:40:28 - DEBUG Loaded backend module://backend_interagg version unknown.
matplotlib.pyplot Log - 04/21/21, 17:40:28 - DEBUG Loaded backend tkagg version unknown.
Xiangshi Log: 2021-04-21 17:41:51,553 - INFO: Starting up Xiangshi
Xiangshi Log - 04/21/21, 17:41:51 - INFO Starting up Xiangshi
Xiangshi Log: 2021-04-21 17:41:51,553 - INFO: Starting up Xiangshi
Xiangshi Log - 04/21/21, 17:41:51 - INFO Starting up Xiangshi
matplotlib Log - 04/21/21, 17:41:51 - DEBUG CACHEDIR=C:\Users\86188\.matplotlib
matplotlib.font_manager Log - 04/21/21, 17:41:51 - DEBUG Using fontManager instance from C:\Users\86188\.matplotlib\fontlist-v330.json
matplotlib.pyplot Log - 04/21/21, 17:41:51 - DEBUG Loaded backend module://backend_interagg version unknown.
matplotlib.pyplot Log - 04/21/21, 17:41:51 - DEBUG Loaded backend tkagg version unknown.
Xiangshi Log: 2021-04-21 17:42:18,453 - INFO: Starting up Xiangshi
Xiangshi Log - 04/21/21, 17:42:18 - INFO Starting up Xiangshi
Xiangshi Log: 2021-04-21 17:42:18,454 - INFO: Starting up Xiangshi
Xiangshi Log - 04/21/21, 17:42:18 - INFO Starting up Xiangshi
matplotlib Log - 04/21/21, 17:42:18 - DEBUG CACHEDIR=C:\Users\86188\.matplotlib
matplotlib.font_manager Log - 04/21/21, 17:42:18 - DEBUG Using fontManager instance from C:\Users\86188\.matplotlib\fontlist-v330.json
matplotlib.pyplot Log - 04/21/21, 17:42:18 - DEBUG Loaded backend module://backend_interagg version unknown.
matplotlib.pyplot Log - 04/21/21, 17:42:18 - DEBUG Loaded backend tkagg version unknown.
Xiangshi Log: 2021-04-21 17:43:11,801 - INFO: Starting up Xiangshi
Xiangshi Log - 04/21/21, 17:43:11 - INFO Starting up Xiangshi
Xiangshi Log: 2021-04-21 17:43:11,801 - INFO: Starting up Xiangshi
Xiangshi Log - 04/21/21, 17:43:11 - INFO Starting up Xiangshi
matplotlib Log - 04/21/21, 17:43:11 - DEBUG CACHEDIR=C:\Users\86188\.matplotlib
matplotlib.font_manager Log - 04/21/21, 17:43:11 - DEBUG Using fontManager instance from C:\Users\86188\.matplotlib\fontlist-v330.json
matplotlib.pyplot Log - 04/21/21, 17:43:11 - DEBUG Loaded backend module://backend_interagg version unknown.
matplotlib.pyplot Log - 04/21/21, 17:43:12 - DEBUG Loaded backend tkagg version unknown.
Xiangshi Log: 2021-04-21 17:43:48,236 - INFO: Starting up Xiangshi
Xiangshi Log - 04/21/21, 17:43:48 - INFO Starting up Xiangshi
Xiangshi Log: 2021-04-21 17:43:48,236 - INFO: Starting up Xiangshi
Xiangshi Log - 04/21/21, 17:43:48 - INFO Starting up Xiangshi
matplotlib Log - 04/21/21, 17:43:48 - DEBUG CACHEDIR=C:\Users\86188\.matplotlib
matplotlib.font_manager Log - 04/21/21, 17:43:48 - DEBUG Using fontManager instance from C:\Users\86188\.matplotlib\fontlist-v330.json
matplotlib.pyplot Log - 04/21/21, 17:43:48 - DEBUG Loaded backend module://backend_interagg version unknown.
matplotlib.pyplot Log - 04/21/21, 17:43:48 - DEBUG Loaded backend tkagg version unknown.
Xiangshi Log: 2021-04-21 17:44:51,376 - INFO: Starting up Xiangshi
Xiangshi Log - 04/21/21, 17:44:51 - INFO Starting up Xiangshi
Xiangshi Log: 2021-04-21 17:44:51,376 - INFO: Starting up Xiangshi
Xiangshi Log - 04/21/21, 17:44:51 - INFO Starting up Xiangshi
Xiangshi Log: 2021-04-21 17:45:38,075 - INFO: Starting up Xiangshi
Xiangshi Log - 04/21/21, 17:45:38 - INFO Starting up Xiangshi
Xiangshi Log: 2021-04-21 17:45:38,076 - INFO: Starting up Xiangshi
Xiangshi Log - 04/21/21, 17:45:38 - INFO Starting up Xiangshi
Xiangshi Log: 2021-04-21 17:50:00,067 - INFO: Starting up Xiangshi
Xiangshi Log - 04/21/21, 17:50:00 - INFO Starting up Xiangshi
Xiangshi Log: 2021-04-21 17:50:00,067 - INFO: Starting up Xiangshi
Xiangshi Log - 04/21/21, 17:50:00 - INFO Starting up Xiangshi
matplotlib Log - 04/21/21, 17:50:00 - DEBUG CACHEDIR=C:\Users\86188\.matplotlib
matplotlib.font_manager Log - 04/21/21, 17:50:00 - DEBUG Using fontManager instance from C:\Users\86188\.matplotlib\fontlist-v330.json
matplotlib.pyplot Log - 04/21/21, 17:50:00 - DEBUG Loaded backend module://backend_interagg version unknown.
matplotlib.pyplot Log - 04/21/21, 17:50:00 - DEBUG Loaded backend tkagg version unknown.
Xiangshi Log: 2021-04-21 17:52:09,093 - INFO: Starting up Xiangshi
Xiangshi Log - 04/21/21, 17:52:09 - INFO Starting up Xiangshi
Xiangshi Log: 2021-04-21 17:52:09,094 - INFO: Starting up Xiangshi
Xiangshi Log - 04/21/21, 17:52:09 - INFO Starting up Xiangshi
matplotlib Log - 04/21/21, 17:52:09 - DEBUG CACHEDIR=C:\Users\86188\.matplotlib
matplotlib.font_manager Log - 04/21/21, 17:52:09 - DEBUG Using fontManager instance from C:\Users\86188\.matplotlib\fontlist-v330.json
matplotlib.pyplot Log - 04/21/21, 17:52:09 - DEBUG Loaded backend module://backend_interagg version unknown.
matplotlib.pyplot Log - 04/21/21, 17:52:09 - DEBUG Loaded backend tkagg version unknown.
Xiangshi Log: 2021-04-21 18:01:50,167 - INFO: Starting up Xiangshi
Xiangshi Log - 04/21/21, 18:01:50 - INFO Starting up Xiangshi
Xiangshi Log: 2021-04-21 18:01:50,167 - INFO: Starting up Xiangshi
Xiangshi Log - 04/21/21, 18:01:50 - INFO Starting up Xiangshi
Xiangshi Log: 2021-04-21 18:08:19,381 - INFO: Starting up Xiangshi
Xiangshi Log - 04/21/21, 18:08:19 - INFO Starting up Xiangshi
Xiangshi Log: 2021-04-21 18:08:19,381 - INFO: Starting up Xiangshi
Xiangshi Log - 04/21/21, 18:08:19 - INFO Starting up Xiangshi
Xiangshi Log: 2021-04-21 18:21:39,327 - INFO: Starting up Xiangshi
Xiangshi Log - 04/21/21, 18:21:39 - INFO Starting up Xiangshi
Xiangshi Log: 2021-04-21 18:21:39,328 - INFO: Starting up Xiangshi
Xiangshi Log - 04/21/21, 18:21:39 - INFO Starting up Xiangshi
Xiangshi Log: 2021-04-21 18:23:34,312 - INFO: Starting up Xiangshi
Xiangshi Log - 04/21/21, 18:23:34 - INFO Starting up Xiangshi
Xiangshi Log: 2021-04-21 18:23:34,312 - INFO: Starting up Xiangshi
Xiangshi Log - 04/21/21, 18:23:34 - INFO Starting up Xiangshi
Xiangshi Log: 2021-04-21 18:24:04,127 - INFO: Starting up Xiangshi
Xiangshi Log - 04/21/21, 18:24:04 - INFO Starting up Xiangshi
Xiangshi Log: 2021-04-21 18:24:04,127 - INFO: Starting up Xiangshi
Xiangshi Log - 04/21/21, 18:24:04 - INFO Starting up Xiangshi
Xiangshi Log: 2021-04-21 18:24:45,616 - INFO: Starting up Xiangshi
Xiangshi Log - 04/21/21, 18:24:45 - INFO Starting up Xiangshi
Xiangshi Log: 2021-04-21 18:24:45,616 - INFO: Starting up Xiangshi
Xiangshi Log - 04/21/21, 18:24:45 - INFO Starting up Xiangshi
Xiangshi Log: 2021-04-21 18:25:59,779 - INFO: Starting up Xiangshi
Xiangshi Log - 04/21/21, 18:25:59 - INFO Starting up Xiangshi
Xiangshi Log: 2021-04-21 18:25:59,779 - INFO: Starting up Xiangshi
Xiangshi Log - 04/21/21, 18:25:59 - INFO Starting up Xiangshi
Xiangshi Log: 2021-04-21 18:34:17,649 - INFO: Starting up Xiangshi
Xiangshi Log - 04/21/21, 18:34:17 - INFO Starting up Xiangshi
Xiangshi Log: 2021-04-21 18:34:17,649 - INFO: Starting up Xiangshi
Xiangshi Log - 04/21/21, 18:34:17 - INFO Starting up Xiangshi
Xiangshi Log: 2021-04-21 18:34:55,131 - INFO: Starting up Xiangshi
Xiangshi Log - 04/21/21, 18:34:55 - INFO Starting up Xiangshi
Xiangshi Log: 2021-04-21 18:34:55,131 - INFO: Starting up Xiangshi
Xiangshi Log - 04/21/21, 18:34:55 - INFO Starting up Xiangshi
Xiangshi Log: 2021-04-21 18:39:12,106 - INFO: Starting up Xiangshi
Xiangshi Log - 04/21/21, 18:39:12 - INFO Starting up Xiangshi
Xiangshi Log: 2021-04-21 18:39:12,107 - INFO: Starting up Xiangshi
Xiangshi Log - 04/21/21, 18:39:12 - INFO Starting up Xiangshi
Xiangshi Log: 2021-04-21 18:40:26,732 - INFO: Starting up Xiangshi
Xiangshi Log - 04/21/21, 18:40:26 - INFO Starting up Xiangshi
Xiangshi Log: 2021-04-21 18:40:26,732 - INFO: Starting up Xiangshi
Xiangshi Log - 04/21/21, 18:40:26 - INFO Starting up Xiangshi
Xiangshi Log: 2021-04-21 18:47:49,758 - INFO: Starting up Xiangshi
Xiangshi Log - 04/21/21, 18:47:49 - INFO Starting up Xiangshi
Xiangshi Log: 2021-04-21 18:47:49,758 - INFO: Starting up Xiangshi
Xiangshi Log - 04/21/21, 18:47:49 - INFO Starting up Xiangshi
matplotlib Log - 04/21/21, 18:47:49 - DEBUG CACHEDIR=C:\Users\86188\.matplotlib
matplotlib.font_manager Log - 04/21/21, 18:47:49 - DEBUG Using fontManager instance from C:\Users\86188\.matplotlib\fontlist-v330.json
matplotlib.pyplot Log - 04/21/21, 18:47:49 - DEBUG Loaded backend module://backend_interagg version unknown.
matplotlib.pyplot Log - 04/21/21, 18:47:51 - DEBUG Loaded backend tkagg version unknown.
Xiangshi Log: 2021-04-21 19:08:08,489 - INFO: Starting up Xiangshi
Xiangshi Log - 04/21/21, 19:08:08 - INFO Starting up Xiangshi
Xiangshi Log: 2021-04-21 19:08:08,489 - INFO: Starting up Xiangshi
Xiangshi Log - 04/21/21, 19:08:08 - INFO Starting up Xiangshi
matplotlib Log - 04/21/21, 19:08:08 - DEBUG CACHEDIR=C:\Users\86188\.matplotlib
matplotlib.font_manager Log - 04/21/21, 19:08:08 - DEBUG Using fontManager instance from C:\Users\86188\.matplotlib\fontlist-v330.json
matplotlib.pyplot Log - 04/21/21, 19:08:08 - DEBUG Loaded backend module://backend_interagg version unknown.
matplotlib.pyplot Log - 04/21/21, 19:08:09 - DEBUG Loaded backend tkagg version unknown.
Xiangshi Log: 2021-04-21 19:08:22,740 - INFO: Starting up Xiangshi
Xiangshi Log - 04/21/21, 19:08:22 - INFO Starting up Xiangshi
Xiangshi Log: 2021-04-21 19:08:22,741 - INFO: Starting up Xiangshi
Xiangshi Log - 04/21/21, 19:08:22 - INFO Starting up Xiangshi
matplotlib Log - 04/21/21, 19:08:22 - DEBUG CACHEDIR=C:\Users\86188\.matplotlib
matplotlib.font_manager Log - 04/21/21, 19:08:22 - DEBUG Using fontManager instance from C:\Users\86188\.matplotlib\fontlist-v330.json
matplotlib.pyplot Log - 04/21/21, 19:08:22 - DEBUG Loaded backend module://backend_interagg version unknown.
matplotlib.pyplot Log - 04/21/21, 19:08:24 - DEBUG Loaded backend tkagg version unknown.
Xiangshi Log: 2021-04-21 19:37:47,977 - INFO: Starting up Xiangshi
Xiangshi Log - 04/21/21, 19:37:47 - INFO Starting up Xiangshi
Xiangshi Log: 2021-04-21 19:37:47,977 - INFO: Starting up Xiangshi
Xiangshi Log - 04/21/21, 19:37:47 - INFO Starting up Xiangshi
Xiangshi Log: 2021-04-21 19:38:28,202 - INFO: Starting up Xiangshi
Xiangshi Log - 04/21/21, 19:38:28 - INFO Starting up Xiangshi
Xiangshi Log: 2021-04-21 19:38:28,202 - INFO: Starting up Xiangshi
Xiangshi Log - 04/21/21, 19:38:28 - INFO Starting up Xiangshi
Xiangshi Log: 2021-04-21 19:46:12,198 - INFO: Starting up Xiangshi
Xiangshi Log - 04/21/21, 19:46:12 - INFO Starting up Xiangshi
Xiangshi Log: 2021-04-21 19:46:12,198 - INFO: Starting up Xiangshi
Xiangshi Log - 04/21/21, 19:46:12 - INFO Starting up Xiangshi
Xiangshi Log: 2021-04-21 19:49:20,879 - INFO: Starting up Xiangshi
Xiangshi Log - 04/21/21, 19:49:20 - INFO Starting up Xiangshi
Xiangshi Log: 2021-04-21 19:49:20,879 - INFO: Starting up Xiangshi
Xiangshi Log - 04/21/21, 19:49:20 - INFO Starting up Xiangshi
Xiangshi Log: 2021-04-21 19:50:22,406 - INFO: Starting up Xiangshi
Xiangshi Log - 04/21/21, 19:50:22 - INFO Starting up Xiangshi
Xiangshi Log: 2021-04-21 19:50:22,406 - INFO: Starting up Xiangshi
Xiangshi Log - 04/21/21, 19:50:22 - INFO Starting up Xiangshi
Xiangshi Log: 2021-04-21 19:53:18,798 - INFO: Starting up Xiangshi
Xiangshi Log - 04/21/21, 19:53:18 - INFO Starting up Xiangshi
Xiangshi Log: 2021-04-21 19:53:18,798 - INFO: Starting up Xiangshi
Xiangshi Log - 04/21/21, 19:53:18 - INFO Starting up Xiangshi
Xiangshi Log: 2021-04-21 19:57:33,071 - INFO: Starting up Xiangshi
Xiangshi Log - 04/21/21, 19:57:33 - INFO Starting up Xiangshi
Xiangshi Log: 2021-04-21 19:57:33,071 - INFO: Starting up Xiangshi
Xiangshi Log - 04/21/21, 19:57:33 - INFO Starting up Xiangshi
Xiangshi Log: 2021-04-21 20:00:31,431 - INFO: Starting up Xiangshi
Xiangshi Log - 04/21/21, 20:00:31 - INFO Starting up Xiangshi
Xiangshi Log: 2021-04-21 20:00:31,432 - INFO: Starting up Xiangshi
Xiangshi Log - 04/21/21, 20:00:31 - INFO Starting up Xiangshi
Xiangshi Log: 2021-04-21 20:15:15,711 - INFO: Starting up Xiangshi
Xiangshi Log - 04/21/21, 20:15:15 - INFO Starting up Xiangshi
Xiangshi Log: 2021-04-21 20:15:15,711 - INFO: Starting up Xiangshi
Xiangshi Log - 04/21/21, 20:15:15 - INFO Starting up Xiangshi
matplotlib Log - 04/21/21, 20:15:15 - DEBUG CACHEDIR=C:\Users\86188\.matplotlib
matplotlib.font_manager Log - 04/21/21, 20:15:15 - DEBUG Using fontManager instance from C:\Users\86188\.matplotlib\fontlist-v330.json
matplotlib.pyplot Log - 04/21/21, 20:15:15 - DEBUG Loaded backend module://backend_interagg version unknown.
matplotlib.pyplot Log - 04/21/21, 20:15:16 - DEBUG Loaded backend tkagg version unknown.
Xiangshi Log: 2021-04-21 20:18:00,466 - INFO: Starting up Xiangshi
Xiangshi Log - 04/21/21, 20:18:00 - INFO Starting up Xiangshi
Xiangshi Log: 2021-04-21 20:18:00,466 - INFO: Starting up Xiangshi
Xiangshi Log - 04/21/21, 20:18:00 - INFO Starting up Xiangshi
matplotlib Log - 04/21/21, 20:18:00 - DEBUG CACHEDIR=C:\Users\86188\.matplotlib
matplotlib.font_manager Log - 04/21/21, 20:18:00 - DEBUG Using fontManager instance from C:\Users\86188\.matplotlib\fontlist-v330.json
matplotlib.pyplot Log - 04/21/21, 20:18:00 - DEBUG Loaded backend module://backend_interagg version unknown.
matplotlib.pyplot Log - 04/21/21, 20:18:01 - DEBUG Loaded backend tkagg version unknown.
Xiangshi Log: 2021-04-21 20:18:09,847 - INFO: Starting up Xiangshi
Xiangshi Log - 04/21/21, 20:18:09 - INFO Starting up Xiangshi
Xiangshi Log: 2021-04-21 20:18:09,848 - INFO: Starting up Xiangshi
Xiangshi Log - 04/21/21, 20:18:09 - INFO Starting up Xiangshi
matplotlib Log - 04/21/21, 20:18:09 - DEBUG CACHEDIR=C:\Users\86188\.matplotlib
matplotlib.font_manager Log - 04/21/21, 20:18:09 - DEBUG Using fontManager instance from C:\Users\86188\.matplotlib\fontlist-v330.json
matplotlib.pyplot Log - 04/21/21, 20:18:10 - DEBUG Loaded backend module://backend_interagg version unknown.
matplotlib.pyplot Log - 04/21/21, 20:18:10 - DEBUG Loaded backend tkagg version unknown.
Xiangshi Log: 2021-04-21 20:18:27,115 - INFO: Starting up Xiangshi
Xiangshi Log - 04/21/21, 20:18:27 - INFO Starting up Xiangshi
Xiangshi Log: 2021-04-21 20:18:27,115 - INFO: Starting up Xiangshi
Xiangshi Log - 04/21/21, 20:18:27 - INFO Starting up Xiangshi
matplotlib Log - 04/21/21, 20:18:27 - DEBUG CACHEDIR=C:\Users\86188\.matplotlib
matplotlib.font_manager Log - 04/21/21, 20:18:27 - DEBUG Using fontManager instance from C:\Users\86188\.matplotlib\fontlist-v330.json
matplotlib.pyplot Log - 04/21/21, 20:18:27 - DEBUG Loaded backend module://backend_interagg version unknown.
matplotlib.pyplot Log - 04/21/21, 20:18:27 - DEBUG Loaded backend tkagg version unknown.
Xiangshi Log: 2021-04-21 20:21:06,820 - INFO: Starting up Xiangshi
Xiangshi Log - 04/21/21, 20:21:06 - INFO Starting up Xiangshi
Xiangshi Log: 2021-04-21 20:21:06,820 - INFO: Starting up Xiangshi
Xiangshi Log - 04/21/21, 20:21:06 - INFO Starting up Xiangshi
Xiangshi Log: 2021-04-21 20:37:42,584 - INFO: Starting up Xiangshi
Xiangshi Log - 04/21/21, 20:37:42 - INFO Starting up Xiangshi
Xiangshi Log: 2021-04-21 20:37:42,585 - INFO: Starting up Xiangshi
Xiangshi Log - 04/21/21, 20:37:42 - INFO Starting up Xiangshi
Xiangshi Log: 2021-04-21 20:43:02,677 - INFO: Starting up Xiangshi
Xiangshi Log - 04/21/21, 20:43:02 - INFO Starting up Xiangshi
Xiangshi Log: 2021-04-21 20:43:02,678 - INFO: Starting up Xiangshi
Xiangshi Log - 04/21/21, 20:43:02 - INFO Starting up Xiangshi
Xiangshi Log: 2021-04-21 20:45:41,764 - INFO: Starting up Xiangshi
Xiangshi Log - 04/21/21, 20:45:41 - INFO Starting up Xiangshi
Xiangshi Log: 2021-04-21 20:45:41,765 - INFO: Starting up Xiangshi
Xiangshi Log - 04/21/21, 20:45:41 - INFO Starting up Xiangshi
Xiangshi Log: 2021-04-21 20:50:25,249 - INFO: Starting up Xiangshi
Xiangshi Log - 04/21/21, 20:50:25 - INFO Starting up Xiangshi
Xiangshi Log: 2021-04-21 20:50:25,249 - INFO: Starting up Xiangshi
Xiangshi Log - 04/21/21, 20:50:25 - INFO Starting up Xiangshi
Xiangshi Log: 2021-04-21 21:11:13,726 - INFO: Starting up Xiangshi
Xiangshi Log - 04/21/21, 21:11:13 - INFO Starting up Xiangshi
Xiangshi Log: 2021-04-21 21:11:13,727 - INFO: Starting up Xiangshi
Xiangshi Log - 04/21/21, 21:11:13 - INFO Starting up Xiangshi
Xiangshi Log: 2021-04-21 21:12:04,550 - INFO: Starting up Xiangshi
Xiangshi Log - 04/21/21, 21:12:04 - INFO Starting up Xiangshi
Xiangshi Log: 2021-04-21 21:12:04,550 - INFO: Starting up Xiangshi
Xiangshi Log - 04/21/21, 21:12:04 - INFO Starting up Xiangshi
Xiangshi Log: 2021-04-21 21:18:45,723 - INFO: Starting up Xiangshi
Xiangshi Log - 04/21/21, 21:18:45 - INFO Starting up Xiangshi
Xiangshi Log: 2021-04-21 21:18:45,723 - INFO: Starting up Xiangshi
Xiangshi Log - 04/21/21, 21:18:45 - INFO Starting up Xiangshi
Xiangshi Log: 2021-04-21 21:19:10,357 - INFO: Starting up Xiangshi
Xiangshi Log - 04/21/21, 21:19:10 - INFO Starting up Xiangshi
Xiangshi Log: 2021-04-21 21:19:10,357 - INFO: Starting up Xiangshi
Xiangshi Log - 04/21/21, 21:19:10 - INFO Starting up Xiangshi
Xiangshi Log: 2021-04-21 21:21:16,833 - INFO: Starting up Xiangshi
Xiangshi Log - 04/21/21, 21:21:16 - INFO Starting up Xiangshi
Xiangshi Log: 2021-04-21 21:21:16,833 - INFO: Starting up Xiangshi
Xiangshi Log - 04/21/21, 21:21:16 - INFO Starting up Xiangshi
Xiangshi Log: 2021-04-21 21:23:43,196 - INFO: Starting up Xiangshi
Xiangshi Log - 04/21/21, 21:23:43 - INFO Starting up Xiangshi
Xiangshi Log: 2021-04-21 21:23:43,197 - INFO: Starting up Xiangshi
Xiangshi Log - 04/21/21, 21:23:43 - INFO Starting up Xiangshi
Xiangshi Log: 2021-04-21 21:26:46,111 - INFO: Starting up Xiangshi
Xiangshi Log - 04/21/21, 21:26:46 - INFO Starting up Xiangshi
Xiangshi Log: 2021-04-21 21:26:46,111 - INFO: Starting up Xiangshi
Xiangshi Log - 04/21/21, 21:26:46 - INFO Starting up Xiangshi
Xiangshi Log: 2021-04-21 21:28:21,595 - INFO: Starting up Xiangshi
Xiangshi Log - 04/21/21, 21:28:21 - INFO Starting up Xiangshi
Xiangshi Log: 2021-04-21 21:28:21,595 - INFO: Starting up Xiangshi
Xiangshi Log - 04/21/21, 21:28:21 - INFO Starting up Xiangshi
Xiangshi Log: 2021-04-21 21:33:34,546 - INFO: Starting up Xiangshi
Xiangshi Log - 04/21/21, 21:33:34 - INFO Starting up Xiangshi
Xiangshi Log: 2021-04-21 21:33:34,546 - INFO: Starting up Xiangshi
Xiangshi Log - 04/21/21, 21:33:34 - INFO Starting up Xiangshi
Xiangshi Log: 2021-04-21 21:37:44,380 - INFO: Starting up Xiangshi
Xiangshi Log - 04/21/21, 21:37:44 - INFO Starting up Xiangshi
Xiangshi Log: 2021-04-21 21:37:44,380 - INFO: Starting up Xiangshi
Xiangshi Log - 04/21/21, 21:37:44 - INFO Starting up Xiangshi
Xiangshi Log: 2021-04-21 21:56:35,671 - INFO: Starting up Xiangshi
Xiangshi Log - 04/21/21, 21:56:35 - INFO Starting up Xiangshi
Xiangshi Log: 2021-04-21 21:56:35,671 - INFO: Starting up Xiangshi
Xiangshi Log - 04/21/21, 21:56:35 - INFO Starting up Xiangshi
Xiangshi Log: 2021-04-21 22:37:41,275 - INFO: Starting up Xiangshi
Xiangshi Log - 04/21/21, 22:37:41 - INFO Starting up Xiangshi
Xiangshi Log: 2021-04-21 22:37:41,275 - INFO: Starting up Xiangshi
Xiangshi Log - 04/21/21, 22:37:41 - INFO Starting up Xiangshi
Xiangshi Log: 2021-04-26 10:17:54,883 - INFO: Starting up Xiangshi
Xiangshi Log - 04/26/21, 10:17:54 - INFO Starting up Xiangshi
Xiangshi Log: 2021-04-26 10:17:54,892 - INFO: Starting up Xiangshi
Xiangshi Log - 04/26/21, 10:17:54 - INFO Starting up Xiangshi
matplotlib Log - 04/26/21, 10:17:55 - DEBUG CACHEDIR=C:\Users\86188\.matplotlib
matplotlib.font_manager Log - 04/26/21, 10:17:55 - DEBUG Using fontManager instance from C:\Users\86188\.matplotlib\fontlist-v330.json
matplotlib.pyplot Log - 04/26/21, 10:17:55 - DEBUG Loaded backend module://backend_interagg version unknown.
matplotlib.pyplot Log - 04/26/21, 10:17:55 - DEBUG Loaded backend tkagg version unknown.
Xiangshi Log: 2021-04-26 10:19:00,746 - INFO: Starting up Xiangshi
Xiangshi Log - 04/26/21, 10:19:00 - INFO Starting up Xiangshi
Xiangshi Log: 2021-04-26 10:19:00,746 - INFO: Starting up Xiangshi
Xiangshi Log - 04/26/21, 10:19:00 - INFO Starting up Xiangshi
matplotlib Log - 04/26/21, 10:19:00 - DEBUG CACHEDIR=C:\Users\86188\.matplotlib
matplotlib.font_manager Log - 04/26/21, 10:19:00 - DEBUG Using fontManager instance from C:\Users\86188\.matplotlib\fontlist-v330.json
matplotlib.pyplot Log - 04/26/21, 10:19:01 - DEBUG Loaded backend module://backend_interagg version unknown.
matplotlib.pyplot Log - 04/26/21, 10:19:01 - DEBUG Loaded backend tkagg version unknown.
Xiangshi Log: 2021-04-26 10:19:15,030 - INFO: Starting up Xiangshi
Xiangshi Log - 04/26/21, 10:19:15 - INFO Starting up Xiangshi
Xiangshi Log: 2021-04-26 10:19:15,030 - INFO: Starting up Xiangshi
Xiangshi Log - 04/26/21, 10:19:15 - INFO Starting up Xiangshi
matplotlib Log - 04/26/21, 10:19:15 - DEBUG CACHEDIR=C:\Users\86188\.matplotlib
matplotlib.font_manager Log - 04/26/21, 10:19:15 - DEBUG Using fontManager instance from C:\Users\86188\.matplotlib\fontlist-v330.json
matplotlib.pyplot Log - 04/26/21, 10:19:15 - DEBUG Loaded backend module://backend_interagg version unknown.
matplotlib.pyplot Log - 04/26/21, 10:19:16 - DEBUG Loaded backend tkagg version unknown.
Xiangshi Log: 2021-04-26 10:19:29,435 - INFO: Starting up Xiangshi
Xiangshi Log - 04/26/21, 10:19:29 - INFO Starting up Xiangshi
Xiangshi Log: 2021-04-26 10:19:29,435 - INFO: Starting up Xiangshi
Xiangshi Log - 04/26/21, 10:19:29 - INFO Starting up Xiangshi
matplotlib Log - 04/26/21, 10:19:29 - DEBUG CACHEDIR=C:\Users\86188\.matplotlib
matplotlib.font_manager Log - 04/26/21, 10:19:29 - DEBUG Using fontManager instance from C:\Users\86188\.matplotlib\fontlist-v330.json
matplotlib.pyplot Log - 04/26/21, 10:19:29 - DEBUG Loaded backend module://backend_interagg version unknown.
matplotlib.pyplot Log - 04/26/21, 10:19:30 - DEBUG Loaded backend tkagg version unknown.
Xiangshi Log: 2021-04-26 10:19:56,767 - INFO: Starting up Xiangshi
Xiangshi Log - 04/26/21, 10:19:56 - INFO Starting up Xiangshi
Xiangshi Log: 2021-04-26 10:19:56,767 - INFO: Starting up Xiangshi
Xiangshi Log - 04/26/21, 10:19:56 - INFO Starting up Xiangshi
matplotlib Log - 04/26/21, 10:19:56 - DEBUG CACHEDIR=C:\Users\86188\.matplotlib
matplotlib.font_manager Log - 04/26/21, 10:19:56 - DEBUG Using fontManager instance from C:\Users\86188\.matplotlib\fontlist-v330.json
matplotlib.pyplot Log - 04/26/21, 10:19:57 - DEBUG Loaded backend module://backend_interagg version unknown.
matplotlib.pyplot Log - 04/26/21, 10:19:57 - DEBUG Loaded backend tkagg version unknown.
Xiangshi Log: 2021-04-26 16:14:16,553 - INFO: Starting up Xiangshi
Xiangshi Log - 04/26/21, 16:14:16 - INFO Starting up Xiangshi
Xiangshi Log: 2021-04-26 16:14:16,554 - INFO: Starting up Xiangshi
Xiangshi Log - 04/26/21, 16:14:16 - INFO Starting up Xiangshi
matplotlib Log - 04/26/21, 16:14:16 - DEBUG CACHEDIR=C:\Users\86188\.matplotlib
matplotlib.font_manager Log - 04/26/21, 16:14:16 - DEBUG Using fontManager instance from C:\Users\86188\.matplotlib\fontlist-v330.json
matplotlib.pyplot Log - 04/26/21, 16:14:16 - DEBUG Loaded backend module://backend_interagg version unknown.
matplotlib.pyplot Log - 04/26/21, 16:14:17 - DEBUG Loaded backend tkagg version unknown.
Xiangshi Log: 2021-04-26 19:45:01,704 - INFO: Starting up Xiangshi
Xiangshi Log - 04/26/21, 19:45:01 - INFO Starting up Xiangshi
Xiangshi Log: 2021-04-26 19:45:01,704 - INFO: Starting up Xiangshi
Xiangshi Log - 04/26/21, 19:45:01 - INFO Starting up Xiangshi
matplotlib Log - 04/26/21, 19:45:01 - DEBUG CACHEDIR=C:\Users\86188\.matplotlib
matplotlib.font_manager Log - 04/26/21, 19:45:01 - DEBUG Using fontManager instance from C:\Users\86188\.matplotlib\fontlist-v330.json
matplotlib.pyplot Log - 04/26/21, 19:45:01 - DEBUG Loaded backend module://backend_interagg version unknown.
matplotlib.pyplot Log - 04/26/21, 19:45:02 - DEBUG Loaded backend tkagg version unknown.
Xiangshi Log: 2021-04-26 19:45:27,396 - INFO: Starting up Xiangshi
Xiangshi Log - 04/26/21, 19:45:27 - INFO Starting up Xiangshi
Xiangshi Log: 2021-04-26 19:45:27,396 - INFO: Starting up Xiangshi
Xiangshi Log - 04/26/21, 19:45:27 - INFO Starting up Xiangshi
matplotlib Log - 04/26/21, 19:45:27 - DEBUG CACHEDIR=C:\Users\86188\.matplotlib
matplotlib.font_manager Log - 04/26/21, 19:45:27 - DEBUG Using fontManager instance from C:\Users\86188\.matplotlib\fontlist-v330.json
matplotlib.pyplot Log - 04/26/21, 19:45:27 - DEBUG Loaded backend module://backend_interagg version unknown.
matplotlib.pyplot Log - 04/26/21, 19:45:28 - DEBUG Loaded backend tkagg version unknown.
Xiangshi Log: 2021-04-26 21:07:58,462 - INFO: Starting up Xiangshi
Xiangshi Log - 04/26/21, 21:07:58 - INFO Starting up Xiangshi
Xiangshi Log: 2021-04-26 21:07:58,463 - INFO: Starting up Xiangshi
Xiangshi Log - 04/26/21, 21:07:58 - INFO Starting up Xiangshi
matplotlib Log - 04/26/21, 21:07:58 - DEBUG CACHEDIR=C:\Users\86188\.matplotlib
matplotlib.font_manager Log - 04/26/21, 21:07:58 - DEBUG Using fontManager instance from C:\Users\86188\.matplotlib\fontlist-v330.json
matplotlib.pyplot Log - 04/26/21, 21:07:58 - DEBUG Loaded backend module://backend_interagg version unknown.
Xiangshi Log: 2021-04-26 21:11:19,305 - INFO: Starting up Xiangshi
Xiangshi Log - 04/26/21, 21:11:19 - INFO Starting up Xiangshi
Xiangshi Log: 2021-04-26 21:11:19,305 - INFO: Starting up Xiangshi
Xiangshi Log - 04/26/21, 21:11:19 - INFO Starting up Xiangshi
matplotlib Log - 04/26/21, 21:11:19 - DEBUG CACHEDIR=C:\Users\86188\.matplotlib
matplotlib.font_manager Log - 04/26/21, 21:11:19 - DEBUG Using fontManager instance from C:\Users\86188\.matplotlib\fontlist-v330.json
matplotlib.pyplot Log - 04/26/21, 21:11:19 - DEBUG Loaded backend module://backend_interagg version unknown.
tensorflow Log - 04/26/21, 21:11:19 - WARNING There are non-GPU devices in `tf.distribute.Strategy`, not using nccl allreduce.
tensorflow Log - 04/26/21, 21:11:19 - INFO Using MirroredStrategy with devices ('/job:localhost/replica:0/task:0/device:CPU:0',)
matplotlib.pyplot Log - 04/26/21, 21:11:20 - DEBUG Loaded backend tkagg version unknown.
Xiangshi Log: 2021-04-26 21:11:35,990 - INFO: Starting up Xiangshi
Xiangshi Log - 04/26/21, 21:11:35 - INFO Starting up Xiangshi
Xiangshi Log: 2021-04-26 21:11:35,990 - INFO: Starting up Xiangshi
Xiangshi Log - 04/26/21, 21:11:35 - INFO Starting up Xiangshi
matplotlib Log - 04/26/21, 21:11:36 - DEBUG CACHEDIR=C:\Users\86188\.matplotlib
matplotlib.font_manager Log - 04/26/21, 21:11:36 - DEBUG Using fontManager instance from C:\Users\86188\.matplotlib\fontlist-v330.json
matplotlib.pyplot Log - 04/26/21, 21:11:36 - DEBUG Loaded backend module://backend_interagg version unknown.
tensorflow Log - 04/26/21, 21:11:36 - WARNING There are non-GPU devices in `tf.distribute.Strategy`, not using nccl allreduce.
tensorflow Log - 04/26/21, 21:11:36 - INFO Using MirroredStrategy with devices ('/job:localhost/replica:0/task:0/device:CPU:0',)
matplotlib.pyplot Log - 04/26/21, 21:11:36 - DEBUG Loaded backend tkagg version unknown.
Xiangshi Log: 2021-04-26 21:11:53,045 - INFO: Starting up Xiangshi
Xiangshi Log - 04/26/21, 21:11:53 - INFO Starting up Xiangshi
Xiangshi Log: 2021-04-26 21:11:53,045 - INFO: Starting up Xiangshi
Xiangshi Log - 04/26/21, 21:11:53 - INFO Starting up Xiangshi
matplotlib Log - 04/26/21, 21:11:53 - DEBUG CACHEDIR=C:\Users\86188\.matplotlib
matplotlib.font_manager Log - 04/26/21, 21:11:53 - DEBUG Using fontManager instance from C:\Users\86188\.matplotlib\fontlist-v330.json
matplotlib.pyplot Log - 04/26/21, 21:11:53 - DEBUG Loaded backend module://backend_interagg version unknown.
tensorflow Log - 04/26/21, 21:11:53 - WARNING There are non-GPU devices in `tf.distribute.Strategy`, not using nccl allreduce.
tensorflow Log - 04/26/21, 21:11:53 - INFO Using MirroredStrategy with devices ('/job:localhost/replica:0/task:0/device:CPU:0',)
matplotlib.pyplot Log - 04/26/21, 21:11:53 - DEBUG Loaded backend tkagg version unknown.
Xiangshi Log: 2021-04-26 21:12:20,627 - INFO: Starting up Xiangshi
Xiangshi Log - 04/26/21, 21:12:20 - INFO Starting up Xiangshi
Xiangshi Log: 2021-04-26 21:12:20,627 - INFO: Starting up Xiangshi
Xiangshi Log - 04/26/21, 21:12:20 - INFO Starting up Xiangshi
matplotlib Log - 04/26/21, 21:12:20 - DEBUG CACHEDIR=C:\Users\86188\.matplotlib
matplotlib.font_manager Log - 04/26/21, 21:12:20 - DEBUG Using fontManager instance from C:\Users\86188\.matplotlib\fontlist-v330.json
matplotlib.pyplot Log - 04/26/21, 21:12:20 - DEBUG Loaded backend module://backend_interagg version unknown.
tensorflow Log - 04/26/21, 21:12:21 - WARNING There are non-GPU devices in `tf.distribute.Strategy`, not using nccl allreduce.
tensorflow Log - 04/26/21, 21:12:21 - INFO Using MirroredStrategy with devices ('/job:localhost/replica:0/task:0/device:CPU:0',)
matplotlib.pyplot Log - 04/26/21, 21:12:21 - DEBUG Loaded backend tkagg version unknown.
